<?xml version="1.0" encoding="UTF-8"?>
<!-- Generated by org.testng.reporters.JUnitReportReporter -->
<testsuite skipped="0" hostname="DESKTOP-KCHUE4L" name="tests.TC001_CreateLead" tests="1" failures="0" timestamp="01 Sep 2018 06:24:30 GMT" time="87.291" errors="0">
  <testcase name="createLead" time="87.291" classname="tests.TC001_CreateLead"/>
</testsuite> <!-- tests.TC001_CreateLead -->
