<?xml version="1.0" encoding="UTF-8"?>
<!-- Generated by org.testng.reporters.JUnitReportReporter -->
<testsuite skipped="0" hostname="DESKTOP-KCHUE4L" name="testcases.TC002_EditLead" tests="2" failures="0" timestamp="01 Sep 2018 07:33:09 GMT" time="43.201" errors="0">
  <testcase name="editLead" time="19.631" classname="testcases.TC002_EditLead"/>
  <testcase name="editLead" time="23.570" classname="testcases.TC002_EditLead"/>
</testsuite> <!-- testcases.TC002_EditLead -->
